<?xml version="1.0" encoding="UTF-8"?>
<!-- Generated by org.testng.reporters.JUnitReportReporter -->
<testsuite hostname="james.local" name="com.james.im.simple.test.IMServerTest" tests="1" failures="0" timestamp="26 Jul 2016 14:34:08 GMT" time="0.180" errors="0">
  <testcase name="f" time="0.180" classname="com.james.im.simple.test.IMServerTest"/>
</testsuite> <!-- com.james.im.simple.test.IMServerTest -->
