<?xml version="1.0" encoding="UTF-8"?>
<!-- Generated by org.testng.reporters.JUnitReportReporter -->
<testsuite hostname="james.local" name="com.james.im.simple.test.ReflectTest" tests="1" failures="0" timestamp="31 Jul 2016 07:44:48 GMT" time="0.243" errors="0">
  <testcase name="reflectTest" time="0.243" classname="com.james.im.simple.test.ReflectTest"/>
</testsuite> <!-- com.james.im.simple.test.ReflectTest -->
