<?xml version="1.0" encoding="UTF-8"?>
<!-- Generated by org.testng.reporters.JUnitReportReporter -->
<testsuite hostname="james.local" name="com.james.im.simple.test.PacketTest" tests="1" failures="0" timestamp="4 Aug 2016 13:52:55 GMT" time="0.100" errors="0">
  <testcase name="fPacketTest" time="0.100" classname="com.james.im.simple.test.PacketTest"/>
</testsuite> <!-- com.james.im.simple.test.PacketTest -->
